# JRE version: Java(TM) SE Runtime Environment (8.0_20-b26) (build 1.8.0_20-b26)
# Java VM: Java HotSpot(TM) 64-Bit Server VM (25.20-b23 mixed mode windows-amd64 compressed oops)
Heap:
 PSYoungGen      total 38912K, used 8278K [0x00000000fd580000, 0x0000000100000000, 0x0000000100000000)
  eden space 34304K, 19% used [0x00000000fd580000,0x00000000fdc111a0,0x00000000ff700000)
  from space 4608K, 33% used [0x00000000ff700000,0x00000000ff884960,0x00000000ffb80000)
  to   space 4608K, 0% used [0x00000000ffb80000,0x00000000ffb80000,0x0000000100000000)
 ParOldGen       total 87552K, used 69930K [0x00000000f8000000, 0x00000000fd580000, 0x00000000fd580000)
  object space 87552K, 79% used [0x00000000f8000000,0x00000000fc44ab80,0x00000000fd580000)
 Metaspace       used 97025K, capacity 101839K, committed 101976K, reserved 1138688K
  class space    used 12415K, capacity 13181K, committed 13184K, reserved 1048576K
GC Heap History (10 events):
Event: 43.150 GC heap before
{Heap before GC invocations=105 (full 3):
 PSYoungGen      total 39424K, used 37838K [0x00000000fd580000, 0x0000000100000000, 0x0000000100000000)
  eden space 35328K, 100% used [0x00000000fd580000,0x00000000ff800000,0x00000000ff800000)
  from space 4096K, 61% used [0x00000000ff800000,0x00000000ffa73930,0x00000000ffc00000)
  to   space 4096K, 0% used [0x00000000ffc00000,0x00000000ffc00000,0x0000000100000000)
 ParOldGen       total 87552K, used 83757K [0x00000000f8000000, 0x00000000fd580000, 0x00000000fd580000)
  object space 87552K, 95% used [0x00000000f8000000,0x00000000fd1cb518,0x00000000fd580000)
 Metaspace       used 93407K, capacity 97855K, committed 98136K, reserved 1134592K
  class space    used 12109K, capacity 12803K, committed 12928K, reserved 1048576K
Event: 43.156 GC heap after
Heap after GC invocations=105 (full 3):
 PSYoungGen      total 38400K, used 3152K [0x00000000fd580000, 0x0000000100000000, 0x0000000100000000)
  eden space 34304K, 0% used [0x00000000fd580000,0x00000000fd580000,0x00000000ff700000)
  from space 4096K, 76% used [0x00000000ffc00000,0x00000000fff140a0,0x0000000100000000)
  to   space 4608K, 0% used [0x00000000ff700000,0x00000000ff700000,0x00000000ffb80000)
 ParOldGen       total 87552K, used 83765K [0x00000000f8000000, 0x00000000fd580000, 0x00000000fd580000)
  object space 87552K, 95% used [0x00000000f8000000,0x00000000fd1cd518,0x00000000fd580000)
 Metaspace       used 93407K, capacity 97855K, committed 98136K, reserved 1134592K
  class space    used 12109K, capacity 12803K, committed 12928K, reserved 1048576K
}
Event: 43.197 GC heap before
{Heap before GC invocations=106 (full 3):
 PSYoungGen      total 38400K, used 6828K [0x00000000fd580000, 0x0000000100000000, 0x0000000100000000)
  eden space 34304K, 10% used [0x00000000fd580000,0x00000000fd9172e0,0x00000000ff700000)
  from space 4096K, 76% used [0x00000000ffc00000,0x00000000fff140a0,0x0000000100000000)
  to   space 4608K, 0% used [0x00000000ff700000,0x00000000ff700000,0x00000000ffb80000)
 ParOldGen       total 87552K, used 83765K [0x00000000f8000000, 0x00000000fd580000, 0x00000000fd580000)
  object space 87552K, 95% used [0x00000000f8000000,0x00000000fd1cd518,0x00000000fd580000)
 Metaspace       used 93920K, capacity 98349K, committed 98496K, reserved 1134592K
  class space    used 12129K, capacity 12838K, committed 12928K, reserved 1048576K
Event: 43.201 GC heap after
Heap after GC invocations=106 (full 3):
 PSYoungGen      total 38912K, used 1864K [0x00000000fd580000, 0x0000000100000000, 0x0000000100000000)
  eden space 34304K, 0% used [0x00000000fd580000,0x00000000fd580000,0x00000000ff700000)
  from space 4608K, 40% used [0x00000000ff700000,0x00000000ff8d2388,0x00000000ffb80000)
  to   space 4096K, 0% used [0x00000000ffc00000,0x00000000ffc00000,0x0000000100000000)
 ParOldGen       total 87552K, used 83773K [0x00000000f8000000, 0x00000000fd580000, 0x00000000fd580000)
  object space 87552K, 95% used [0x00000000f8000000,0x00000000fd1cf518,0x00000000fd580000)
 Metaspace       used 93920K, capacity 98349K, committed 98496K, reserved 1134592K
  class space    used 12129K, capacity 12838K, committed 12928K, reserved 1048576K
}
Event: 43.201 GC heap before
{Heap before GC invocations=107 (full 4):
 PSYoungGen      total 38912K, used 1864K [0x00000000fd580000, 0x0000000100000000, 0x0000000100000000)
  eden space 34304K, 0% used [0x00000000fd580000,0x00000000fd580000,0x00000000ff700000)
  from space 4608K, 40% used [0x00000000ff700000,0x00000000ff8d2388,0x00000000ffb80000)
  to   space 4096K, 0% used [0x00000000ffc00000,0x00000000ffc00000,0x0000000100000000)
 ParOldGen       total 87552K, used 83773K [0x00000000f8000000, 0x00000000fd580000, 0x00000000fd580000)
  object space 87552K, 95% used [0x00000000f8000000,0x00000000fd1cf518,0x00000000fd580000)
 Metaspace       used 93920K, capacity 98349K, committed 98496K, reserved 1134592K
  class space    used 12129K, capacity 12838K, committed 12928K, reserved 1048576K
Event: 43.455 GC heap after
Heap after GC invocations=107 (full 4):
 PSYoungGen      total 38912K, used 0K [0x00000000fd580000, 0x0000000100000000, 0x0000000100000000)
  eden space 34304K, 0% used [0x00000000fd580000,0x00000000fd580000,0x00000000ff700000)
  from space 4608K, 0% used [0x00000000ff700000,0x00000000ff700000,0x00000000ffb80000)
  to   space 4096K, 0% used [0x00000000ffc00000,0x00000000ffc00000,0x0000000100000000)
 ParOldGen       total 87552K, used 67841K [0x00000000f8000000, 0x00000000fd580000, 0x00000000fd580000)
  object space 87552K, 77% used [0x00000000f8000000,0x00000000fc240790,0x00000000fd580000)
 Metaspace       used 93920K, capacity 98349K, committed 98496K, reserved 1134592K
  class space    used 12129K, capacity 12838K, committed 12928K, reserved 1048576K
}
Event: 44.099 GC heap before
{Heap before GC invocations=108 (full 4):
 PSYoungGen      total 38912K, used 34304K [0x00000000fd580000, 0x0000000100000000, 0x0000000100000000)
  eden space 34304K, 100% used [0x00000000fd580000,0x00000000ff700000,0x00000000ff700000)
  from space 4608K, 0% used [0x00000000ff700000,0x00000000ff700000,0x00000000ffb80000)
  to   space 4096K, 0% used [0x00000000ffc00000,0x00000000ffc00000,0x0000000100000000)
 ParOldGen       total 87552K, used 67841K [0x00000000f8000000, 0x00000000fd580000, 0x00000000fd580000)
  object space 87552K, 77% used [0x00000000f8000000,0x00000000fc240790,0x00000000fd580000)
 Metaspace       used 95726K, capacity 100355K, committed 100440K, reserved 1136640K
  class space    used 12347K, capacity 13099K, committed 13184K, reserved 1048576K
Event: 44.102 GC heap after
Heap after GC invocations=108 (full 4):
 PSYoungGen      total 38400K, used 3151K [0x00000000fd580000, 0x0000000100000000, 0x0000000100000000)
  eden space 34304K, 0% used [0x00000000fd580000,0x00000000fd580000,0x00000000ff700000)
  from space 4096K, 76% used [0x00000000ffc00000,0x00000000fff13fd8,0x0000000100000000)
  to   space 4608K, 0% used [0x00000000ff700000,0x00000000ff700000,0x00000000ffb80000)
 ParOldGen       total 87552K, used 67849K [0x00000000f8000000, 0x00000000fd580000, 0x00000000fd580000)
  object space 87552K, 77% used [0x00000000f8000000,0x00000000fc242790,0x00000000fd580000)
 Metaspace       used 95726K, capacity 100355K, committed 100440K, reserved 1136640K
  class space    used 12347K, capacity 13099K, committed 13184K, reserved 1048576K
}
Event: 195.273 GC heap before
{Heap before GC invocations=109 (full 4):
 PSYoungGen      total 38400K, used 37455K [0x00000000fd580000, 0x0000000100000000, 0x0000000100000000)
  eden space 34304K, 100% used [0x00000000fd580000,0x00000000ff700000,0x00000000ff700000)
  from space 4096K, 76% used [0x00000000ffc00000,0x00000000fff13fd8,0x0000000100000000)
  to   space 4608K, 0% used [0x00000000ff700000,0x00000000ff700000,0x00000000ffb80000)
 ParOldGen       total 87552K, used 67849K [0x00000000f8000000, 0x00000000fd580000, 0x00000000fd580000)
  object space 87552K, 77% used [0x00000000f8000000,0x00000000fc242790,0x00000000fd580000)
 Metaspace       used 96845K, capacity 101625K, committed 101720K, reserved 1138688K
  class space    used 12412K, capacity 13178K, committed 13184K, reserved 1048576K
Event: 195.277 GC heap after
Heap after GC invocations=109 (full 4):
 PSYoungGen      total 38912K, used 1554K [0x00000000fd580000, 0x0000000100000000, 0x0000000100000000)
  eden space 34304K, 0% used [0x00000000fd580000,0x00000000fd580000,0x00000000ff700000)
  from space 4608K, 33% used [0x00000000ff700000,0x00000000ff884960,0x00000000ffb80000)
  to   space 4608K, 0% used [0x00000000ffb80000,0x00000000ffb80000,0x0000000100000000)
 ParOldGen       total 87552K, used 69930K [0x00000000f8000000, 0x00000000fd580000, 0x00000000fd580000)
  object space 87552K, 79% used [0x00000000f8000000,0x00000000fc44ab80,0x00000000fd580000)
 Metaspace       used 96845K, capacity 101625K, committed 101720K, reserved 1138688K
  class space    used 12412K, capacity 13178K, committed 13184K, reserved 1048576K
}

